{"/home/tjsrivastava/WEB FINAL/TEST/cis557-project-photo-sharing-social-network-app-web-tkn-web/backend/app.js": {"path":"/home/tjsrivastava/WEB FINAL/TEST/cis557-project-photo-sharing-social-network-app-web-tkn-web/backend/app.js","statementMap":{"0":{"start":{"line":1,"column":16},"end":{"line":1,"column":34}},"1":{"start":{"line":2,"column":13},"end":{"line":2,"column":28}},"2":{"start":{"line":3,"column":19},"end":{"line":3,"column":41}},"3":{"start":{"line":4,"column":19},"end":{"line":4,"column":43}},"4":{"start":{"line":5,"column":19},"end":{"line":5,"column":43}},"5":{"start":{"line":6,"column":15},"end":{"line":6,"column":24}},"6":{"start":{"line":9,"column":0},"end":{"line":9,"column":54}},"7":{"start":{"line":12,"column":0},"end":{"line":12,"column":30}},"8":{"start":{"line":13,"column":0},"end":{"line":13,"column":67}},"9":{"start":{"line":15,"column":0},"end":{"line":28,"column":3}},"10":{"start":{"line":17,"column":2},"end":{"line":17,"column":52}},"11":{"start":{"line":18,"column":2},"end":{"line":21,"column":4}},"12":{"start":{"line":22,"column":2},"end":{"line":25,"column":4}},"13":{"start":{"line":27,"column":2},"end":{"line":27,"column":9}},"14":{"start":{"line":30,"column":0},"end":{"line":30,"column":36}},"15":{"start":{"line":31,"column":0},"end":{"line":31,"column":35}},"16":{"start":{"line":34,"column":0},"end":{"line":34,"column":24}}},"fnMap":{"0":{"name":"(anonymous_0)","decl":{"start":{"line":15,"column":11},"end":{"line":15,"column":12}},"loc":{"start":{"line":15,"column":31},"end":{"line":28,"column":1}},"line":15}},"branchMap":{},"s":{"0":2,"1":2,"2":2,"3":2,"4":2,"5":2,"6":2,"7":2,"8":2,"9":2,"10":35,"11":35,"12":35,"13":35,"14":2,"15":2,"16":2},"f":{"0":35},"b":{},"_coverageSchema":"43e27e138ebf9cfc5966b082cf9a028302ed4184","hash":"27a8e3bc36a4206f7f70ffafe84b93969b125ad6"}
,"/home/tjsrivastava/WEB FINAL/TEST/cis557-project-photo-sharing-social-network-app-web-tkn-web/backend/middleware/check-auth.js": {"path":"/home/tjsrivastava/WEB FINAL/TEST/cis557-project-photo-sharing-social-network-app-web-tkn-web/backend/middleware/check-auth.js","statementMap":{"0":{"start":{"line":1,"column":12},"end":{"line":1,"column":35}},"1":{"start":{"line":3,"column":0},"end":{"line":12,"column":2}},"2":{"start":{"line":4,"column":2},"end":{"line":11,"column":3}},"3":{"start":{"line":5,"column":18},"end":{"line":5,"column":57}},"4":{"start":{"line":6,"column":25},"end":{"line":6,"column":100}},"5":{"start":{"line":7,"column":4},"end":{"line":7,"column":78}},"6":{"start":{"line":8,"column":4},"end":{"line":8,"column":11}},"7":{"start":{"line":10,"column":4},"end":{"line":10,"column":54}}},"fnMap":{"0":{"name":"(anonymous_0)","decl":{"start":{"line":3,"column":17},"end":{"line":3,"column":18}},"loc":{"start":{"line":3,"column":37},"end":{"line":12,"column":1}},"line":3}},"branchMap":{},"s":{"0":2,"1":2,"2":0,"3":0,"4":0,"5":0,"6":0,"7":0},"f":{"0":0},"b":{},"_coverageSchema":"43e27e138ebf9cfc5966b082cf9a028302ed4184","hash":"e0b9b9a86414eff9a52ccae193221edbdd74c50f"}
,"/home/tjsrivastava/WEB FINAL/TEST/cis557-project-photo-sharing-social-network-app-web-tkn-web/backend/models/database.js": {"path":"/home/tjsrivastava/WEB FINAL/TEST/cis557-project-photo-sharing-social-network-app-web-tkn-web/backend/models/database.js","statementMap":{"0":{"start":{"line":1,"column":12},"end":{"line":1,"column":28}},"1":{"start":{"line":3,"column":16},"end":{"line":3,"column":26}},"2":{"start":{"line":4,"column":10},"end":{"line":10,"column":4}},"3":{"start":{"line":114,"column":0},"end":{"line":114,"column":21}}},"fnMap":{},"branchMap":{},"s":{"0":2,"1":2,"2":2,"3":2},"f":{},"b":{},"_coverageSchema":"43e27e138ebf9cfc5966b082cf9a028302ed4184","hash":"cde0ebafada9018f0ec30f8835a35bea015f4f49"}
,"/home/tjsrivastava/WEB FINAL/TEST/cis557-project-photo-sharing-social-network-app-web-tkn-web/backend/routes/post.js": {"path":"/home/tjsrivastava/WEB FINAL/TEST/cis557-project-photo-sharing-social-network-app-web-tkn-web/backend/routes/post.js","statementMap":{"0":{"start":{"line":1,"column":16},"end":{"line":1,"column":34}},"1":{"start":{"line":2,"column":15},"end":{"line":2,"column":31}},"2":{"start":{"line":3,"column":15},"end":{"line":3,"column":32}},"3":{"start":{"line":5,"column":11},"end":{"line":5,"column":40}},"4":{"start":{"line":6,"column":18},"end":{"line":6,"column":53}},"5":{"start":{"line":8,"column":22},"end":{"line":12,"column":1}},"6":{"start":{"line":14,"column":16},"end":{"line":31,"column":2}},"7":{"start":{"line":16,"column":20},"end":{"line":16,"column":48}},"8":{"start":{"line":17,"column":16},"end":{"line":17,"column":46}},"9":{"start":{"line":18,"column":4},"end":{"line":20,"column":5}},"10":{"start":{"line":19,"column":6},"end":{"line":19,"column":19}},"11":{"start":{"line":21,"column":4},"end":{"line":21,"column":32}},"12":{"start":{"line":24,"column":17},"end":{"line":27,"column":16}},"13":{"start":{"line":28,"column":16},"end":{"line":28,"column":44}},"14":{"start":{"line":29,"column":4},"end":{"line":29,"column":50}},"15":{"start":{"line":34,"column":0},"end":{"line":34,"column":50}},"16":{"start":{"line":34,"column":32},"end":{"line":34,"column":48}},"17":{"start":{"line":35,"column":0},"end":{"line":35,"column":66}},"18":{"start":{"line":35,"column":41},"end":{"line":35,"column":64}},"19":{"start":{"line":36,"column":0},"end":{"line":36,"column":50}},"20":{"start":{"line":36,"column":31},"end":{"line":36,"column":48}},"21":{"start":{"line":37,"column":0},"end":{"line":37,"column":61}},"22":{"start":{"line":37,"column":40},"end":{"line":37,"column":59}},"23":{"start":{"line":38,"column":0},"end":{"line":38,"column":62}},"24":{"start":{"line":38,"column":40},"end":{"line":38,"column":60}},"25":{"start":{"line":39,"column":0},"end":{"line":39,"column":61}},"26":{"start":{"line":39,"column":39},"end":{"line":39,"column":59}},"27":{"start":{"line":40,"column":0},"end":{"line":40,"column":66}},"28":{"start":{"line":40,"column":42},"end":{"line":40,"column":64}},"29":{"start":{"line":41,"column":0},"end":{"line":41,"column":55}},"30":{"start":{"line":41,"column":34},"end":{"line":41,"column":53}},"31":{"start":{"line":42,"column":0},"end":{"line":42,"column":113}},"32":{"start":{"line":42,"column":86},"end":{"line":42,"column":111}},"33":{"start":{"line":43,"column":0},"end":{"line":43,"column":58}},"34":{"start":{"line":43,"column":39},"end":{"line":43,"column":56}},"35":{"start":{"line":44,"column":0},"end":{"line":44,"column":70}},"36":{"start":{"line":44,"column":49},"end":{"line":44,"column":68}},"37":{"start":{"line":48,"column":2},"end":{"line":48,"column":41}},"38":{"start":{"line":49,"column":14},"end":{"line":49,"column":55}},"39":{"start":{"line":50,"column":17},"end":{"line":50,"column":35}},"40":{"start":{"line":53,"column":4},"end":{"line":67,"column":5}},"41":{"start":{"line":54,"column":4},"end":{"line":57,"column":5}},"42":{"start":{"line":55,"column":6},"end":{"line":55,"column":53}},"43":{"start":{"line":56,"column":6},"end":{"line":56,"column":13}},"44":{"start":{"line":58,"column":4},"end":{"line":62,"column":5}},"45":{"start":{"line":59,"column":6},"end":{"line":61,"column":8}},"46":{"start":{"line":63,"column":4},"end":{"line":66,"column":7}},"47":{"start":{"line":71,"column":2},"end":{"line":71,"column":35}},"48":{"start":{"line":72,"column":14},"end":{"line":72,"column":52}},"49":{"start":{"line":73,"column":2},"end":{"line":73,"column":27}},"50":{"start":{"line":74,"column":19},"end":{"line":78,"column":3}},"51":{"start":{"line":80,"column":2},"end":{"line":80,"column":24}},"52":{"start":{"line":82,"column":17},"end":{"line":82,"column":83}},"53":{"start":{"line":83,"column":17},"end":{"line":83,"column":71}},"54":{"start":{"line":85,"column":2},"end":{"line":96,"column":5}},"55":{"start":{"line":86,"column":4},"end":{"line":90,"column":5}},"56":{"start":{"line":87,"column":6},"end":{"line":87,"column":23}},"57":{"start":{"line":88,"column":6},"end":{"line":88,"column":53}},"58":{"start":{"line":89,"column":6},"end":{"line":89,"column":13}},"59":{"start":{"line":91,"column":4},"end":{"line":95,"column":7}},"60":{"start":{"line":100,"column":2},"end":{"line":100,"column":34}},"61":{"start":{"line":101,"column":12},"end":{"line":101,"column":45}},"62":{"start":{"line":102,"column":15},"end":{"line":102,"column":30}},"63":{"start":{"line":103,"column":2},"end":{"line":118,"column":5}},"64":{"start":{"line":104,"column":4},"end":{"line":107,"column":5}},"65":{"start":{"line":105,"column":6},"end":{"line":105,"column":53}},"66":{"start":{"line":106,"column":6},"end":{"line":106,"column":13}},"67":{"start":{"line":108,"column":4},"end":{"line":112,"column":5}},"68":{"start":{"line":109,"column":6},"end":{"line":111,"column":8}},"69":{"start":{"line":114,"column":4},"end":{"line":117,"column":7}},"70":{"start":{"line":122,"column":2},"end":{"line":122,"column":29}},"71":{"start":{"line":124,"column":15},"end":{"line":124,"column":45}},"72":{"start":{"line":125,"column":12},"end":{"line":125,"column":60}},"73":{"start":{"line":126,"column":2},"end":{"line":136,"column":5}},"74":{"start":{"line":127,"column":4},"end":{"line":131,"column":5}},"75":{"start":{"line":129,"column":6},"end":{"line":129,"column":53}},"76":{"start":{"line":130,"column":6},"end":{"line":130,"column":13}},"77":{"start":{"line":132,"column":4},"end":{"line":135,"column":7}},"78":{"start":{"line":140,"column":2},"end":{"line":140,"column":31}},"79":{"start":{"line":141,"column":15},"end":{"line":141,"column":47}},"80":{"start":{"line":142,"column":12},"end":{"line":142,"column":58}},"81":{"start":{"line":143,"column":2},"end":{"line":153,"column":5}},"82":{"start":{"line":144,"column":4},"end":{"line":148,"column":5}},"83":{"start":{"line":145,"column":6},"end":{"line":145,"column":23}},"84":{"start":{"line":146,"column":6},"end":{"line":146,"column":53}},"85":{"start":{"line":147,"column":6},"end":{"line":147,"column":13}},"86":{"start":{"line":149,"column":4},"end":{"line":152,"column":7}},"87":{"start":{"line":157,"column":2},"end":{"line":157,"column":29}},"88":{"start":{"line":158,"column":15},"end":{"line":158,"column":47}},"89":{"start":{"line":159,"column":12},"end":{"line":159,"column":51}},"90":{"start":{"line":160,"column":2},"end":{"line":176,"column":5}},"91":{"start":{"line":161,"column":4},"end":{"line":161,"column":37}},"92":{"start":{"line":162,"column":4},"end":{"line":166,"column":5}},"93":{"start":{"line":163,"column":6},"end":{"line":163,"column":23}},"94":{"start":{"line":164,"column":6},"end":{"line":164,"column":50}},"95":{"start":{"line":165,"column":6},"end":{"line":165,"column":13}},"96":{"start":{"line":167,"column":4},"end":{"line":171,"column":5}},"97":{"start":{"line":169,"column":6},"end":{"line":169,"column":50}},"98":{"start":{"line":170,"column":6},"end":{"line":170,"column":13}},"99":{"start":{"line":172,"column":4},"end":{"line":175,"column":7}},"100":{"start":{"line":180,"column":2},"end":{"line":180,"column":38}},"101":{"start":{"line":181,"column":15},"end":{"line":181,"column":62}},"102":{"start":{"line":182,"column":12},"end":{"line":182,"column":75}},"103":{"start":{"line":183,"column":2},"end":{"line":194,"column":5}},"104":{"start":{"line":184,"column":4},"end":{"line":188,"column":5}},"105":{"start":{"line":185,"column":6},"end":{"line":185,"column":23}},"106":{"start":{"line":186,"column":6},"end":{"line":186,"column":50}},"107":{"start":{"line":187,"column":6},"end":{"line":187,"column":13}},"108":{"start":{"line":190,"column":4},"end":{"line":193,"column":7}},"109":{"start":{"line":198,"column":2},"end":{"line":198,"column":49}},"110":{"start":{"line":199,"column":15},"end":{"line":199,"column":30}},"111":{"start":{"line":200,"column":12},"end":{"line":200,"column":220}},"112":{"start":{"line":201,"column":2},"end":{"line":211,"column":5}},"113":{"start":{"line":202,"column":4},"end":{"line":206,"column":5}},"114":{"start":{"line":203,"column":6},"end":{"line":203,"column":23}},"115":{"start":{"line":204,"column":6},"end":{"line":204,"column":50}},"116":{"start":{"line":205,"column":6},"end":{"line":205,"column":13}},"117":{"start":{"line":207,"column":4},"end":{"line":210,"column":7}},"118":{"start":{"line":215,"column":2},"end":{"line":215,"column":35}},"119":{"start":{"line":216,"column":15},"end":{"line":216,"column":47}},"120":{"start":{"line":217,"column":12},"end":{"line":217,"column":61}},"121":{"start":{"line":218,"column":2},"end":{"line":231,"column":5}},"122":{"start":{"line":219,"column":4},"end":{"line":222,"column":5}},"123":{"start":{"line":220,"column":6},"end":{"line":220,"column":50}},"124":{"start":{"line":221,"column":6},"end":{"line":221,"column":13}},"125":{"start":{"line":223,"column":4},"end":{"line":227,"column":5}},"126":{"start":{"line":225,"column":6},"end":{"line":225,"column":50}},"127":{"start":{"line":226,"column":6},"end":{"line":226,"column":13}},"128":{"start":{"line":228,"column":4},"end":{"line":230,"column":7}},"129":{"start":{"line":235,"column":2},"end":{"line":235,"column":36}},"130":{"start":{"line":236,"column":15},"end":{"line":236,"column":30}},"131":{"start":{"line":237,"column":12},"end":{"line":237,"column":52}},"132":{"start":{"line":238,"column":2},"end":{"line":250,"column":5}},"133":{"start":{"line":239,"column":4},"end":{"line":242,"column":5}},"134":{"start":{"line":240,"column":6},"end":{"line":240,"column":50}},"135":{"start":{"line":241,"column":6},"end":{"line":241,"column":13}},"136":{"start":{"line":243,"column":4},"end":{"line":246,"column":5}},"137":{"start":{"line":244,"column":6},"end":{"line":244,"column":50}},"138":{"start":{"line":245,"column":6},"end":{"line":245,"column":13}},"139":{"start":{"line":247,"column":4},"end":{"line":249,"column":7}},"140":{"start":{"line":254,"column":2},"end":{"line":254,"column":31}},"141":{"start":{"line":255,"column":15},"end":{"line":255,"column":30}},"142":{"start":{"line":256,"column":12},"end":{"line":256,"column":42}},"143":{"start":{"line":257,"column":2},"end":{"line":265,"column":5}},"144":{"start":{"line":258,"column":4},"end":{"line":261,"column":5}},"145":{"start":{"line":259,"column":6},"end":{"line":259,"column":50}},"146":{"start":{"line":260,"column":6},"end":{"line":260,"column":13}},"147":{"start":{"line":262,"column":4},"end":{"line":264,"column":7}},"148":{"start":{"line":270,"column":0},"end":{"line":270,"column":24}}},"fnMap":{"0":{"name":"(anonymous_0)","decl":{"start":{"line":15,"column":15},"end":{"line":15,"column":16}},"loc":{"start":{"line":15,"column":34},"end":{"line":22,"column":3}},"line":15},"1":{"name":"(anonymous_1)","decl":{"start":{"line":23,"column":12},"end":{"line":23,"column":13}},"loc":{"start":{"line":23,"column":31},"end":{"line":30,"column":3}},"line":23},"2":{"name":"(anonymous_2)","decl":{"start":{"line":34,"column":19},"end":{"line":34,"column":20}},"loc":{"start":{"line":34,"column":32},"end":{"line":34,"column":48}},"line":34},"3":{"name":"(anonymous_3)","decl":{"start":{"line":35,"column":27},"end":{"line":35,"column":28}},"loc":{"start":{"line":35,"column":41},"end":{"line":35,"column":64}},"line":35},"4":{"name":"(anonymous_4)","decl":{"start":{"line":36,"column":18},"end":{"line":36,"column":19}},"loc":{"start":{"line":36,"column":31},"end":{"line":36,"column":48}},"line":36},"5":{"name":"(anonymous_5)","decl":{"start":{"line":37,"column":27},"end":{"line":37,"column":28}},"loc":{"start":{"line":37,"column":40},"end":{"line":37,"column":59}},"line":37},"6":{"name":"(anonymous_6)","decl":{"start":{"line":38,"column":27},"end":{"line":38,"column":28}},"loc":{"start":{"line":38,"column":40},"end":{"line":38,"column":60}},"line":38},"7":{"name":"(anonymous_7)","decl":{"start":{"line":39,"column":26},"end":{"line":39,"column":27}},"loc":{"start":{"line":39,"column":39},"end":{"line":39,"column":59}},"line":39},"8":{"name":"(anonymous_8)","decl":{"start":{"line":40,"column":29},"end":{"line":40,"column":30}},"loc":{"start":{"line":40,"column":42},"end":{"line":40,"column":64}},"line":40},"9":{"name":"(anonymous_9)","decl":{"start":{"line":41,"column":21},"end":{"line":41,"column":22}},"loc":{"start":{"line":41,"column":34},"end":{"line":41,"column":53}},"line":41},"10":{"name":"(anonymous_10)","decl":{"start":{"line":42,"column":72},"end":{"line":42,"column":73}},"loc":{"start":{"line":42,"column":86},"end":{"line":42,"column":111}},"line":42},"11":{"name":"(anonymous_11)","decl":{"start":{"line":43,"column":26},"end":{"line":43,"column":27}},"loc":{"start":{"line":43,"column":39},"end":{"line":43,"column":56}},"line":43},"12":{"name":"(anonymous_12)","decl":{"start":{"line":44,"column":36},"end":{"line":44,"column":37}},"loc":{"start":{"line":44,"column":49},"end":{"line":44,"column":68}},"line":44},"13":{"name":"getPostsOfUser","decl":{"start":{"line":47,"column":9},"end":{"line":47,"column":23}},"loc":{"start":{"line":47,"column":34},"end":{"line":68,"column":1}},"line":47},"14":{"name":"(anonymous_14)","decl":{"start":{"line":53,"column":26},"end":{"line":53,"column":27}},"loc":{"start":{"line":53,"column":41},"end":{"line":67,"column":3}},"line":53},"15":{"name":"createPostOfUser","decl":{"start":{"line":70,"column":9},"end":{"line":70,"column":25}},"loc":{"start":{"line":70,"column":36},"end":{"line":97,"column":1}},"line":70},"16":{"name":"(anonymous_16)","decl":{"start":{"line":85,"column":27},"end":{"line":85,"column":28}},"loc":{"start":{"line":85,"column":50},"end":{"line":96,"column":3}},"line":85},"17":{"name":"getPost","decl":{"start":{"line":99,"column":9},"end":{"line":99,"column":16}},"loc":{"start":{"line":99,"column":26},"end":{"line":119,"column":1}},"line":99},"18":{"name":"(anonymous_18)","decl":{"start":{"line":103,"column":24},"end":{"line":103,"column":25}},"loc":{"start":{"line":103,"column":38},"end":{"line":118,"column":3}},"line":103},"19":{"name":"likePost","decl":{"start":{"line":121,"column":9},"end":{"line":121,"column":17}},"loc":{"start":{"line":121,"column":26},"end":{"line":137,"column":1}},"line":121},"20":{"name":"(anonymous_20)","decl":{"start":{"line":126,"column":22},"end":{"line":126,"column":23}},"loc":{"start":{"line":126,"column":42},"end":{"line":136,"column":3}},"line":126},"21":{"name":"unlikePost","decl":{"start":{"line":139,"column":9},"end":{"line":139,"column":19}},"loc":{"start":{"line":139,"column":28},"end":{"line":154,"column":1}},"line":139},"22":{"name":"(anonymous_22)","decl":{"start":{"line":143,"column":22},"end":{"line":143,"column":23}},"loc":{"start":{"line":143,"column":42},"end":{"line":153,"column":3}},"line":143},"23":{"name":"editPost","decl":{"start":{"line":156,"column":9},"end":{"line":156,"column":17}},"loc":{"start":{"line":156,"column":26},"end":{"line":177,"column":1}},"line":156},"24":{"name":"(anonymous_24)","decl":{"start":{"line":160,"column":22},"end":{"line":160,"column":23}},"loc":{"start":{"line":160,"column":43},"end":{"line":176,"column":3}},"line":160},"25":{"name":"addComment","decl":{"start":{"line":179,"column":9},"end":{"line":179,"column":19}},"loc":{"start":{"line":179,"column":28},"end":{"line":195,"column":1}},"line":179},"26":{"name":"(anonymous_26)","decl":{"start":{"line":183,"column":22},"end":{"line":183,"column":23}},"loc":{"start":{"line":183,"column":42},"end":{"line":194,"column":3}},"line":183},"27":{"name":"getComments","decl":{"start":{"line":197,"column":9},"end":{"line":197,"column":20}},"loc":{"start":{"line":197,"column":29},"end":{"line":212,"column":1}},"line":197},"28":{"name":"(anonymous_28)","decl":{"start":{"line":201,"column":22},"end":{"line":201,"column":23}},"loc":{"start":{"line":201,"column":42},"end":{"line":211,"column":3}},"line":201},"29":{"name":"editComment","decl":{"start":{"line":214,"column":9},"end":{"line":214,"column":20}},"loc":{"start":{"line":214,"column":29},"end":{"line":232,"column":1}},"line":214},"30":{"name":"(anonymous_30)","decl":{"start":{"line":218,"column":22},"end":{"line":218,"column":23}},"loc":{"start":{"line":218,"column":37},"end":{"line":231,"column":3}},"line":218},"31":{"name":"deleteComment","decl":{"start":{"line":234,"column":9},"end":{"line":234,"column":22}},"loc":{"start":{"line":234,"column":31},"end":{"line":251,"column":1}},"line":234},"32":{"name":"(anonymous_32)","decl":{"start":{"line":238,"column":22},"end":{"line":238,"column":23}},"loc":{"start":{"line":238,"column":35},"end":{"line":250,"column":3}},"line":238},"33":{"name":"deletePost","decl":{"start":{"line":253,"column":9},"end":{"line":253,"column":19}},"loc":{"start":{"line":253,"column":28},"end":{"line":266,"column":1}},"line":253},"34":{"name":"(anonymous_34)","decl":{"start":{"line":257,"column":22},"end":{"line":257,"column":23}},"loc":{"start":{"line":257,"column":35},"end":{"line":265,"column":3}},"line":257}},"branchMap":{"0":{"loc":{"start":{"line":18,"column":4},"end":{"line":20,"column":5}},"type":"if","locations":[{"start":{"line":18,"column":4},"end":{"line":20,"column":5}},{"start":{"line":18,"column":4},"end":{"line":20,"column":5}}],"line":18},"1":{"loc":{"start":{"line":54,"column":4},"end":{"line":57,"column":5}},"type":"if","locations":[{"start":{"line":54,"column":4},"end":{"line":57,"column":5}},{"start":{"line":54,"column":4},"end":{"line":57,"column":5}}],"line":54},"2":{"loc":{"start":{"line":58,"column":4},"end":{"line":62,"column":5}},"type":"if","locations":[{"start":{"line":58,"column":4},"end":{"line":62,"column":5}},{"start":{"line":58,"column":4},"end":{"line":62,"column":5}}],"line":58},"3":{"loc":{"start":{"line":86,"column":4},"end":{"line":90,"column":5}},"type":"if","locations":[{"start":{"line":86,"column":4},"end":{"line":90,"column":5}},{"start":{"line":86,"column":4},"end":{"line":90,"column":5}}],"line":86},"4":{"loc":{"start":{"line":104,"column":4},"end":{"line":107,"column":5}},"type":"if","locations":[{"start":{"line":104,"column":4},"end":{"line":107,"column":5}},{"start":{"line":104,"column":4},"end":{"line":107,"column":5}}],"line":104},"5":{"loc":{"start":{"line":108,"column":4},"end":{"line":112,"column":5}},"type":"if","locations":[{"start":{"line":108,"column":4},"end":{"line":112,"column":5}},{"start":{"line":108,"column":4},"end":{"line":112,"column":5}}],"line":108},"6":{"loc":{"start":{"line":127,"column":4},"end":{"line":131,"column":5}},"type":"if","locations":[{"start":{"line":127,"column":4},"end":{"line":131,"column":5}},{"start":{"line":127,"column":4},"end":{"line":131,"column":5}}],"line":127},"7":{"loc":{"start":{"line":144,"column":4},"end":{"line":148,"column":5}},"type":"if","locations":[{"start":{"line":144,"column":4},"end":{"line":148,"column":5}},{"start":{"line":144,"column":4},"end":{"line":148,"column":5}}],"line":144},"8":{"loc":{"start":{"line":162,"column":4},"end":{"line":166,"column":5}},"type":"if","locations":[{"start":{"line":162,"column":4},"end":{"line":166,"column":5}},{"start":{"line":162,"column":4},"end":{"line":166,"column":5}}],"line":162},"9":{"loc":{"start":{"line":167,"column":4},"end":{"line":171,"column":5}},"type":"if","locations":[{"start":{"line":167,"column":4},"end":{"line":171,"column":5}},{"start":{"line":167,"column":4},"end":{"line":171,"column":5}}],"line":167},"10":{"loc":{"start":{"line":184,"column":4},"end":{"line":188,"column":5}},"type":"if","locations":[{"start":{"line":184,"column":4},"end":{"line":188,"column":5}},{"start":{"line":184,"column":4},"end":{"line":188,"column":5}}],"line":184},"11":{"loc":{"start":{"line":202,"column":4},"end":{"line":206,"column":5}},"type":"if","locations":[{"start":{"line":202,"column":4},"end":{"line":206,"column":5}},{"start":{"line":202,"column":4},"end":{"line":206,"column":5}}],"line":202},"12":{"loc":{"start":{"line":219,"column":4},"end":{"line":222,"column":5}},"type":"if","locations":[{"start":{"line":219,"column":4},"end":{"line":222,"column":5}},{"start":{"line":219,"column":4},"end":{"line":222,"column":5}}],"line":219},"13":{"loc":{"start":{"line":223,"column":4},"end":{"line":227,"column":5}},"type":"if","locations":[{"start":{"line":223,"column":4},"end":{"line":227,"column":5}},{"start":{"line":223,"column":4},"end":{"line":227,"column":5}}],"line":223},"14":{"loc":{"start":{"line":239,"column":4},"end":{"line":242,"column":5}},"type":"if","locations":[{"start":{"line":239,"column":4},"end":{"line":242,"column":5}},{"start":{"line":239,"column":4},"end":{"line":242,"column":5}}],"line":239},"15":{"loc":{"start":{"line":243,"column":4},"end":{"line":246,"column":5}},"type":"if","locations":[{"start":{"line":243,"column":4},"end":{"line":246,"column":5}},{"start":{"line":243,"column":4},"end":{"line":246,"column":5}}],"line":243},"16":{"loc":{"start":{"line":258,"column":4},"end":{"line":261,"column":5}},"type":"if","locations":[{"start":{"line":258,"column":4},"end":{"line":261,"column":5}},{"start":{"line":258,"column":4},"end":{"line":261,"column":5}}],"line":258}},"s":{"0":2,"1":2,"2":2,"3":2,"4":2,"5":2,"6":2,"7":0,"8":0,"9":0,"10":0,"11":0,"12":0,"13":0,"14":0,"15":2,"16":2,"17":2,"18":2,"19":2,"20":2,"21":2,"22":1,"23":2,"24":1,"25":2,"26":2,"27":2,"28":2,"29":2,"30":1,"31":2,"32":0,"33":2,"34":2,"35":2,"36":0,"37":2,"38":2,"39":2,"40":2,"41":2,"42":0,"43":0,"44":2,"45":1,"46":1,"47":0,"48":0,"49":0,"50":0,"51":0,"52":0,"53":0,"54":0,"55":0,"56":0,"57":0,"58":0,"59":0,"60":2,"61":2,"62":2,"63":2,"64":2,"65":0,"66":0,"67":2,"68":1,"69":1,"70":2,"71":2,"72":2,"73":2,"74":2,"75":2,"76":2,"77":0,"78":0,"79":0,"80":0,"81":0,"82":0,"83":0,"84":0,"85":0,"86":0,"87":2,"88":2,"89":2,"90":2,"91":2,"92":2,"93":0,"94":0,"95":0,"96":2,"97":1,"98":1,"99":1,"100":1,"101":1,"102":1,"103":1,"104":1,"105":0,"106":0,"107":0,"108":1,"109":1,"110":1,"111":1,"112":1,"113":1,"114":0,"115":0,"116":0,"117":1,"118":2,"119":2,"120":2,"121":2,"122":2,"123":0,"124":0,"125":2,"126":1,"127":1,"128":1,"129":2,"130":2,"131":2,"132":2,"133":2,"134":0,"135":0,"136":2,"137":2,"138":2,"139":0,"140":1,"141":1,"142":1,"143":1,"144":1,"145":0,"146":0,"147":1,"148":2},"f":{"0":0,"1":0,"2":2,"3":2,"4":2,"5":1,"6":1,"7":2,"8":2,"9":1,"10":0,"11":2,"12":0,"13":2,"14":2,"15":0,"16":0,"17":2,"18":2,"19":2,"20":2,"21":0,"22":0,"23":2,"24":2,"25":1,"26":1,"27":1,"28":1,"29":2,"30":2,"31":2,"32":2,"33":1,"34":1},"b":{"0":[0,0],"1":[0,2],"2":[1,1],"3":[0,0],"4":[0,2],"5":[1,1],"6":[2,0],"7":[0,0],"8":[0,2],"9":[1,1],"10":[0,1],"11":[0,1],"12":[0,2],"13":[1,1],"14":[0,2],"15":[2,0],"16":[0,1]},"_coverageSchema":"43e27e138ebf9cfc5966b082cf9a028302ed4184","hash":"d3e310be1f6d2824bce85b091ee70fba0bd2686c"}
,"/home/tjsrivastava/WEB FINAL/TEST/cis557-project-photo-sharing-social-network-app-web-tkn-web/backend/routes/user.js": {"path":"/home/tjsrivastava/WEB FINAL/TEST/cis557-project-photo-sharing-social-network-app-web-tkn-web/backend/routes/user.js","statementMap":{"0":{"start":{"line":1,"column":16},"end":{"line":1,"column":34}},"1":{"start":{"line":2,"column":15},"end":{"line":2,"column":31}},"2":{"start":{"line":3,"column":12},"end":{"line":3,"column":35}},"3":{"start":{"line":4,"column":11},"end":{"line":4,"column":40}},"4":{"start":{"line":5,"column":15},"end":{"line":5,"column":32}},"5":{"start":{"line":6,"column":15},"end":{"line":6,"column":32}},"6":{"start":{"line":8,"column":22},"end":{"line":12,"column":1}},"7":{"start":{"line":14,"column":16},"end":{"line":31,"column":2}},"8":{"start":{"line":16,"column":20},"end":{"line":16,"column":48}},"9":{"start":{"line":17,"column":16},"end":{"line":17,"column":46}},"10":{"start":{"line":18,"column":4},"end":{"line":20,"column":5}},"11":{"start":{"line":19,"column":6},"end":{"line":19,"column":19}},"12":{"start":{"line":21,"column":4},"end":{"line":21,"column":32}},"13":{"start":{"line":24,"column":17},"end":{"line":27,"column":16}},"14":{"start":{"line":28,"column":16},"end":{"line":28,"column":44}},"15":{"start":{"line":29,"column":4},"end":{"line":29,"column":50}},"16":{"start":{"line":34,"column":0},"end":{"line":34,"column":52}},"17":{"start":{"line":34,"column":30},"end":{"line":34,"column":50}},"18":{"start":{"line":35,"column":0},"end":{"line":35,"column":67}},"19":{"start":{"line":35,"column":44},"end":{"line":35,"column":65}},"20":{"start":{"line":36,"column":0},"end":{"line":36,"column":67}},"21":{"start":{"line":36,"column":44},"end":{"line":36,"column":65}},"22":{"start":{"line":38,"column":0},"end":{"line":38,"column":77}},"23":{"start":{"line":38,"column":49},"end":{"line":38,"column":75}},"24":{"start":{"line":39,"column":0},"end":{"line":39,"column":76}},"25":{"start":{"line":39,"column":49},"end":{"line":39,"column":74}},"26":{"start":{"line":40,"column":0},"end":{"line":40,"column":78}},"27":{"start":{"line":40,"column":47},"end":{"line":40,"column":76}},"28":{"start":{"line":41,"column":0},"end":{"line":41,"column":55}},"29":{"start":{"line":41,"column":36},"end":{"line":41,"column":53}},"30":{"start":{"line":42,"column":0},"end":{"line":42,"column":61}},"31":{"start":{"line":42,"column":37},"end":{"line":42,"column":59}},"32":{"start":{"line":43,"column":0},"end":{"line":43,"column":56}},"33":{"start":{"line":43,"column":36},"end":{"line":43,"column":54}},"34":{"start":{"line":46,"column":0},"end":{"line":46,"column":60}},"35":{"start":{"line":46,"column":34},"end":{"line":46,"column":58}},"36":{"start":{"line":49,"column":0},"end":{"line":49,"column":63}},"37":{"start":{"line":49,"column":42},"end":{"line":49,"column":61}},"38":{"start":{"line":50,"column":0},"end":{"line":50,"column":79}},"39":{"start":{"line":50,"column":56},"end":{"line":50,"column":77}},"40":{"start":{"line":56,"column":2},"end":{"line":56,"column":32}},"41":{"start":{"line":57,"column":14},"end":{"line":57,"column":35}},"42":{"start":{"line":58,"column":17},"end":{"line":58,"column":19}},"43":{"start":{"line":59,"column":2},"end":{"line":68,"column":5}},"44":{"start":{"line":60,"column":4},"end":{"line":63,"column":5}},"45":{"start":{"line":61,"column":6},"end":{"line":61,"column":53}},"46":{"start":{"line":62,"column":6},"end":{"line":62,"column":13}},"47":{"start":{"line":64,"column":4},"end":{"line":67,"column":7}},"48":{"start":{"line":73,"column":2},"end":{"line":73,"column":38}},"49":{"start":{"line":74,"column":14},"end":{"line":74,"column":51}},"50":{"start":{"line":75,"column":17},"end":{"line":75,"column":35}},"51":{"start":{"line":76,"column":2},"end":{"line":91,"column":5}},"52":{"start":{"line":77,"column":4},"end":{"line":80,"column":5}},"53":{"start":{"line":78,"column":6},"end":{"line":78,"column":53}},"54":{"start":{"line":79,"column":6},"end":{"line":79,"column":13}},"55":{"start":{"line":81,"column":4},"end":{"line":85,"column":5}},"56":{"start":{"line":82,"column":6},"end":{"line":84,"column":8}},"57":{"start":{"line":87,"column":4},"end":{"line":90,"column":7}},"58":{"start":{"line":95,"column":2},"end":{"line":95,"column":37}},"59":{"start":{"line":96,"column":2},"end":{"line":96,"column":24}},"60":{"start":{"line":98,"column":2},"end":{"line":131,"column":5}},"61":{"start":{"line":99,"column":19},"end":{"line":99,"column":23}},"62":{"start":{"line":101,"column":22},"end":{"line":110,"column":6}},"63":{"start":{"line":112,"column":20},"end":{"line":112,"column":131}},"64":{"start":{"line":113,"column":20},"end":{"line":113,"column":149}},"65":{"start":{"line":115,"column":6},"end":{"line":130,"column":9}},"66":{"start":{"line":116,"column":8},"end":{"line":125,"column":9}},"67":{"start":{"line":117,"column":10},"end":{"line":117,"column":35}},"68":{"start":{"line":118,"column":10},"end":{"line":122,"column":11}},"69":{"start":{"line":119,"column":12},"end":{"line":119,"column":112}},"70":{"start":{"line":120,"column":12},"end":{"line":120,"column":19}},"71":{"start":{"line":123,"column":10},"end":{"line":123,"column":57}},"72":{"start":{"line":124,"column":10},"end":{"line":124,"column":17}},"73":{"start":{"line":126,"column":8},"end":{"line":129,"column":11}},"74":{"start":{"line":135,"column":17},"end":{"line":138,"column":3}},"75":{"start":{"line":139,"column":2},"end":{"line":139,"column":47}},"76":{"start":{"line":141,"column":20},"end":{"line":141,"column":73}},"77":{"start":{"line":142,"column":17},"end":{"line":142,"column":45}},"78":{"start":{"line":144,"column":2},"end":{"line":158,"column":5}},"79":{"start":{"line":145,"column":4},"end":{"line":145,"column":23}},"80":{"start":{"line":146,"column":4},"end":{"line":150,"column":5}},"81":{"start":{"line":147,"column":6},"end":{"line":147,"column":23}},"82":{"start":{"line":148,"column":6},"end":{"line":148,"column":53}},"83":{"start":{"line":149,"column":6},"end":{"line":149,"column":13}},"84":{"start":{"line":151,"column":4},"end":{"line":154,"column":5}},"85":{"start":{"line":152,"column":6},"end":{"line":152,"column":50}},"86":{"start":{"line":153,"column":6},"end":{"line":153,"column":12}},"87":{"start":{"line":155,"column":4},"end":{"line":157,"column":7}},"88":{"start":{"line":162,"column":17},"end":{"line":165,"column":3}},"89":{"start":{"line":167,"column":17},"end":{"line":167,"column":68}},"90":{"start":{"line":168,"column":17},"end":{"line":168,"column":45}},"91":{"start":{"line":169,"column":2},"end":{"line":169,"column":44}},"92":{"start":{"line":170,"column":2},"end":{"line":183,"column":5}},"93":{"start":{"line":171,"column":4},"end":{"line":179,"column":5}},"94":{"start":{"line":172,"column":6},"end":{"line":175,"column":7}},"95":{"start":{"line":173,"column":8},"end":{"line":173,"column":62}},"96":{"start":{"line":174,"column":8},"end":{"line":174,"column":15}},"97":{"start":{"line":176,"column":6},"end":{"line":176,"column":23}},"98":{"start":{"line":177,"column":6},"end":{"line":177,"column":53}},"99":{"start":{"line":178,"column":6},"end":{"line":178,"column":13}},"100":{"start":{"line":180,"column":4},"end":{"line":182,"column":7}},"101":{"start":{"line":187,"column":14},"end":{"line":187,"column":51}},"102":{"start":{"line":188,"column":17},"end":{"line":188,"column":52}},"103":{"start":{"line":190,"column":2},"end":{"line":237,"column":5}},"104":{"start":{"line":191,"column":4},"end":{"line":194,"column":5}},"105":{"start":{"line":192,"column":6},"end":{"line":192,"column":63}},"106":{"start":{"line":193,"column":6},"end":{"line":193,"column":13}},"107":{"start":{"line":196,"column":4},"end":{"line":196,"column":26}},"108":{"start":{"line":197,"column":4},"end":{"line":201,"column":5}},"109":{"start":{"line":198,"column":6},"end":{"line":200,"column":9}},"110":{"start":{"line":203,"column":4},"end":{"line":203,"column":33}},"111":{"start":{"line":205,"column":18},"end":{"line":205,"column":30}},"112":{"start":{"line":206,"column":4},"end":{"line":206,"column":23}},"113":{"start":{"line":208,"column":4},"end":{"line":236,"column":7}},"114":{"start":{"line":209,"column":6},"end":{"line":212,"column":7}},"115":{"start":{"line":211,"column":8},"end":{"line":211,"column":74}},"116":{"start":{"line":213,"column":6},"end":{"line":235,"column":7}},"117":{"start":{"line":217,"column":22},"end":{"line":221,"column":9}},"118":{"start":{"line":223,"column":8},"end":{"line":228,"column":11}},"119":{"start":{"line":232,"column":8},"end":{"line":234,"column":11}},"120":{"start":{"line":244,"column":2},"end":{"line":244,"column":45}},"121":{"start":{"line":245,"column":14},"end":{"line":245,"column":179}},"122":{"start":{"line":246,"column":17},"end":{"line":246,"column":35}},"123":{"start":{"line":248,"column":2},"end":{"line":257,"column":5}},"124":{"start":{"line":249,"column":4},"end":{"line":252,"column":5}},"125":{"start":{"line":250,"column":6},"end":{"line":250,"column":53}},"126":{"start":{"line":251,"column":6},"end":{"line":251,"column":13}},"127":{"start":{"line":253,"column":4},"end":{"line":256,"column":7}},"128":{"start":{"line":262,"column":2},"end":{"line":262,"column":47}},"129":{"start":{"line":263,"column":14},"end":{"line":263,"column":71}},"130":{"start":{"line":264,"column":17},"end":{"line":264,"column":35}},"131":{"start":{"line":266,"column":2},"end":{"line":275,"column":5}},"132":{"start":{"line":267,"column":4},"end":{"line":270,"column":5}},"133":{"start":{"line":268,"column":6},"end":{"line":268,"column":53}},"134":{"start":{"line":269,"column":6},"end":{"line":269,"column":13}},"135":{"start":{"line":271,"column":4},"end":{"line":274,"column":7}},"136":{"start":{"line":279,"column":2},"end":{"line":279,"column":63}},"137":{"start":{"line":280,"column":14},"end":{"line":280,"column":71}},"138":{"start":{"line":281,"column":17},"end":{"line":281,"column":35}},"139":{"start":{"line":283,"column":2},"end":{"line":292,"column":5}},"140":{"start":{"line":284,"column":4},"end":{"line":287,"column":5}},"141":{"start":{"line":285,"column":6},"end":{"line":285,"column":53}},"142":{"start":{"line":286,"column":6},"end":{"line":286,"column":13}},"143":{"start":{"line":288,"column":4},"end":{"line":291,"column":7}},"144":{"start":{"line":298,"column":2},"end":{"line":298,"column":71}},"145":{"start":{"line":299,"column":14},"end":{"line":299,"column":179}},"146":{"start":{"line":300,"column":17},"end":{"line":300,"column":35}},"147":{"start":{"line":302,"column":2},"end":{"line":311,"column":5}},"148":{"start":{"line":303,"column":4},"end":{"line":306,"column":5}},"149":{"start":{"line":304,"column":6},"end":{"line":304,"column":53}},"150":{"start":{"line":305,"column":6},"end":{"line":305,"column":13}},"151":{"start":{"line":307,"column":4},"end":{"line":310,"column":7}},"152":{"start":{"line":316,"column":2},"end":{"line":316,"column":98}},"153":{"start":{"line":317,"column":12},"end":{"line":317,"column":437}},"154":{"start":{"line":318,"column":17},"end":{"line":318,"column":35}},"155":{"start":{"line":320,"column":2},"end":{"line":329,"column":5}},"156":{"start":{"line":321,"column":4},"end":{"line":324,"column":5}},"157":{"start":{"line":322,"column":6},"end":{"line":322,"column":53}},"158":{"start":{"line":323,"column":6},"end":{"line":323,"column":13}},"159":{"start":{"line":325,"column":4},"end":{"line":328,"column":7}},"160":{"start":{"line":333,"column":2},"end":{"line":333,"column":38}},"161":{"start":{"line":334,"column":12},"end":{"line":334,"column":119}},"162":{"start":{"line":335,"column":15},"end":{"line":335,"column":160}},"163":{"start":{"line":336,"column":2},"end":{"line":344,"column":5}},"164":{"start":{"line":337,"column":4},"end":{"line":340,"column":5}},"165":{"start":{"line":338,"column":6},"end":{"line":338,"column":50}},"166":{"start":{"line":339,"column":6},"end":{"line":339,"column":13}},"167":{"start":{"line":341,"column":4},"end":{"line":343,"column":7}},"168":{"start":{"line":347,"column":0},"end":{"line":347,"column":24}}},"fnMap":{"0":{"name":"(anonymous_0)","decl":{"start":{"line":15,"column":15},"end":{"line":15,"column":16}},"loc":{"start":{"line":15,"column":34},"end":{"line":22,"column":3}},"line":15},"1":{"name":"(anonymous_1)","decl":{"start":{"line":23,"column":12},"end":{"line":23,"column":13}},"loc":{"start":{"line":23,"column":31},"end":{"line":30,"column":3}},"line":23},"2":{"name":"(anonymous_2)","decl":{"start":{"line":34,"column":16},"end":{"line":34,"column":17}},"loc":{"start":{"line":34,"column":30},"end":{"line":34,"column":50}},"line":34},"3":{"name":"(anonymous_3)","decl":{"start":{"line":35,"column":31},"end":{"line":35,"column":32}},"loc":{"start":{"line":35,"column":44},"end":{"line":35,"column":65}},"line":35},"4":{"name":"(anonymous_4)","decl":{"start":{"line":36,"column":31},"end":{"line":36,"column":32}},"loc":{"start":{"line":36,"column":44},"end":{"line":36,"column":65}},"line":36},"5":{"name":"(anonymous_5)","decl":{"start":{"line":38,"column":36},"end":{"line":38,"column":37}},"loc":{"start":{"line":38,"column":49},"end":{"line":38,"column":75}},"line":38},"6":{"name":"(anonymous_6)","decl":{"start":{"line":39,"column":36},"end":{"line":39,"column":37}},"loc":{"start":{"line":39,"column":49},"end":{"line":39,"column":74}},"line":39},"7":{"name":"(anonymous_7)","decl":{"start":{"line":40,"column":34},"end":{"line":40,"column":35}},"loc":{"start":{"line":40,"column":47},"end":{"line":40,"column":76}},"line":40},"8":{"name":"(anonymous_8)","decl":{"start":{"line":41,"column":22},"end":{"line":41,"column":23}},"loc":{"start":{"line":41,"column":36},"end":{"line":41,"column":53}},"line":41},"9":{"name":"(anonymous_9)","decl":{"start":{"line":42,"column":23},"end":{"line":42,"column":24}},"loc":{"start":{"line":42,"column":37},"end":{"line":42,"column":59}},"line":42},"10":{"name":"(anonymous_10)","decl":{"start":{"line":43,"column":22},"end":{"line":43,"column":23}},"loc":{"start":{"line":43,"column":36},"end":{"line":43,"column":54}},"line":43},"11":{"name":"(anonymous_11)","decl":{"start":{"line":46,"column":21},"end":{"line":46,"column":22}},"loc":{"start":{"line":46,"column":34},"end":{"line":46,"column":58}},"line":46},"12":{"name":"(anonymous_12)","decl":{"start":{"line":49,"column":30},"end":{"line":49,"column":31}},"loc":{"start":{"line":49,"column":42},"end":{"line":49,"column":61}},"line":49},"13":{"name":"(anonymous_13)","decl":{"start":{"line":50,"column":42},"end":{"line":50,"column":43}},"loc":{"start":{"line":50,"column":56},"end":{"line":50,"column":77}},"line":50},"14":{"name":"getAllUsers","decl":{"start":{"line":55,"column":9},"end":{"line":55,"column":20}},"loc":{"start":{"line":55,"column":30},"end":{"line":69,"column":1}},"line":55},"15":{"name":"(anonymous_15)","decl":{"start":{"line":59,"column":24},"end":{"line":59,"column":25}},"loc":{"start":{"line":59,"column":39},"end":{"line":68,"column":3}},"line":59},"16":{"name":"getUser","decl":{"start":{"line":72,"column":10},"end":{"line":72,"column":17}},"loc":{"start":{"line":72,"column":29},"end":{"line":92,"column":1}},"line":72},"17":{"name":"(anonymous_17)","decl":{"start":{"line":76,"column":24},"end":{"line":76,"column":25}},"loc":{"start":{"line":76,"column":38},"end":{"line":91,"column":3}},"line":76},"18":{"name":"signupNewUser","decl":{"start":{"line":94,"column":9},"end":{"line":94,"column":22}},"loc":{"start":{"line":94,"column":33},"end":{"line":132,"column":1}},"line":94},"19":{"name":"(anonymous_19)","decl":{"start":{"line":98,"column":43},"end":{"line":98,"column":44}},"loc":{"start":{"line":98,"column":51},"end":{"line":131,"column":3}},"line":98},"20":{"name":"(anonymous_20)","decl":{"start":{"line":115,"column":31},"end":{"line":115,"column":32}},"loc":{"start":{"line":115,"column":54},"end":{"line":130,"column":7}},"line":115},"21":{"name":"unfollowUser","decl":{"start":{"line":134,"column":9},"end":{"line":134,"column":21}},"loc":{"start":{"line":134,"column":30},"end":{"line":159,"column":1}},"line":134},"22":{"name":"(anonymous_22)","decl":{"start":{"line":144,"column":30},"end":{"line":144,"column":31}},"loc":{"start":{"line":144,"column":53},"end":{"line":158,"column":3}},"line":144},"23":{"name":"followUser","decl":{"start":{"line":161,"column":9},"end":{"line":161,"column":19}},"loc":{"start":{"line":161,"column":29},"end":{"line":184,"column":1}},"line":161},"24":{"name":"(anonymous_24)","decl":{"start":{"line":170,"column":27},"end":{"line":170,"column":28}},"loc":{"start":{"line":170,"column":50},"end":{"line":183,"column":3}},"line":170},"25":{"name":"loginUser","decl":{"start":{"line":186,"column":9},"end":{"line":186,"column":18}},"loc":{"start":{"line":186,"column":29},"end":{"line":239,"column":1}},"line":186},"26":{"name":"(anonymous_26)","decl":{"start":{"line":190,"column":24},"end":{"line":190,"column":25}},"loc":{"start":{"line":190,"column":38},"end":{"line":237,"column":3}},"line":190},"27":{"name":"(anonymous_27)","decl":{"start":{"line":208,"column":55},"end":{"line":208,"column":56}},"loc":{"start":{"line":208,"column":77},"end":{"line":236,"column":5}},"line":208},"28":{"name":"getFollowers","decl":{"start":{"line":243,"column":9},"end":{"line":243,"column":21}},"loc":{"start":{"line":243,"column":32},"end":{"line":258,"column":1}},"line":243},"29":{"name":"(anonymous_29)","decl":{"start":{"line":248,"column":24},"end":{"line":248,"column":25}},"loc":{"start":{"line":248,"column":39},"end":{"line":257,"column":3}},"line":248},"30":{"name":"getFollowerCount","decl":{"start":{"line":261,"column":9},"end":{"line":261,"column":25}},"loc":{"start":{"line":261,"column":36},"end":{"line":276,"column":1}},"line":261},"31":{"name":"(anonymous_31)","decl":{"start":{"line":266,"column":24},"end":{"line":266,"column":25}},"loc":{"start":{"line":266,"column":40},"end":{"line":275,"column":3}},"line":266},"32":{"name":"getFollowingCount","decl":{"start":{"line":278,"column":9},"end":{"line":278,"column":26}},"loc":{"start":{"line":278,"column":37},"end":{"line":293,"column":1}},"line":278},"33":{"name":"(anonymous_33)","decl":{"start":{"line":283,"column":24},"end":{"line":283,"column":25}},"loc":{"start":{"line":283,"column":39},"end":{"line":292,"column":3}},"line":283},"34":{"name":"getFollowing","decl":{"start":{"line":297,"column":9},"end":{"line":297,"column":21}},"loc":{"start":{"line":297,"column":32},"end":{"line":312,"column":1}},"line":297},"35":{"name":"(anonymous_35)","decl":{"start":{"line":302,"column":24},"end":{"line":302,"column":25}},"loc":{"start":{"line":302,"column":39},"end":{"line":311,"column":3}},"line":302},"36":{"name":"getActivityFeedPosts","decl":{"start":{"line":315,"column":9},"end":{"line":315,"column":29}},"loc":{"start":{"line":315,"column":38},"end":{"line":330,"column":1}},"line":315},"37":{"name":"(anonymous_37)","decl":{"start":{"line":320,"column":24},"end":{"line":320,"column":25}},"loc":{"start":{"line":320,"column":39},"end":{"line":329,"column":3}},"line":320},"38":{"name":"editUserProfile","decl":{"start":{"line":332,"column":9},"end":{"line":332,"column":24}},"loc":{"start":{"line":332,"column":33},"end":{"line":345,"column":1}},"line":332},"39":{"name":"(anonymous_39)","decl":{"start":{"line":336,"column":22},"end":{"line":336,"column":23}},"loc":{"start":{"line":336,"column":35},"end":{"line":344,"column":3}},"line":336}},"branchMap":{"0":{"loc":{"start":{"line":18,"column":4},"end":{"line":20,"column":5}},"type":"if","locations":[{"start":{"line":18,"column":4},"end":{"line":20,"column":5}},{"start":{"line":18,"column":4},"end":{"line":20,"column":5}}],"line":18},"1":{"loc":{"start":{"line":60,"column":4},"end":{"line":63,"column":5}},"type":"if","locations":[{"start":{"line":60,"column":4},"end":{"line":63,"column":5}},{"start":{"line":60,"column":4},"end":{"line":63,"column":5}}],"line":60},"2":{"loc":{"start":{"line":77,"column":4},"end":{"line":80,"column":5}},"type":"if","locations":[{"start":{"line":77,"column":4},"end":{"line":80,"column":5}},{"start":{"line":77,"column":4},"end":{"line":80,"column":5}}],"line":77},"3":{"loc":{"start":{"line":81,"column":4},"end":{"line":85,"column":5}},"type":"if","locations":[{"start":{"line":81,"column":4},"end":{"line":85,"column":5}},{"start":{"line":81,"column":4},"end":{"line":85,"column":5}}],"line":81},"4":{"loc":{"start":{"line":116,"column":8},"end":{"line":125,"column":9}},"type":"if","locations":[{"start":{"line":116,"column":8},"end":{"line":125,"column":9}},{"start":{"line":116,"column":8},"end":{"line":125,"column":9}}],"line":116},"5":{"loc":{"start":{"line":118,"column":10},"end":{"line":122,"column":11}},"type":"if","locations":[{"start":{"line":118,"column":10},"end":{"line":122,"column":11}},{"start":{"line":118,"column":10},"end":{"line":122,"column":11}}],"line":118},"6":{"loc":{"start":{"line":146,"column":4},"end":{"line":150,"column":5}},"type":"if","locations":[{"start":{"line":146,"column":4},"end":{"line":150,"column":5}},{"start":{"line":146,"column":4},"end":{"line":150,"column":5}}],"line":146},"7":{"loc":{"start":{"line":151,"column":4},"end":{"line":154,"column":5}},"type":"if","locations":[{"start":{"line":151,"column":4},"end":{"line":154,"column":5}},{"start":{"line":151,"column":4},"end":{"line":154,"column":5}}],"line":151},"8":{"loc":{"start":{"line":171,"column":4},"end":{"line":179,"column":5}},"type":"if","locations":[{"start":{"line":171,"column":4},"end":{"line":179,"column":5}},{"start":{"line":171,"column":4},"end":{"line":179,"column":5}}],"line":171},"9":{"loc":{"start":{"line":172,"column":6},"end":{"line":175,"column":7}},"type":"if","locations":[{"start":{"line":172,"column":6},"end":{"line":175,"column":7}},{"start":{"line":172,"column":6},"end":{"line":175,"column":7}}],"line":172},"10":{"loc":{"start":{"line":191,"column":4},"end":{"line":194,"column":5}},"type":"if","locations":[{"start":{"line":191,"column":4},"end":{"line":194,"column":5}},{"start":{"line":191,"column":4},"end":{"line":194,"column":5}}],"line":191},"11":{"loc":{"start":{"line":197,"column":4},"end":{"line":201,"column":5}},"type":"if","locations":[{"start":{"line":197,"column":4},"end":{"line":201,"column":5}},{"start":{"line":197,"column":4},"end":{"line":201,"column":5}}],"line":197},"12":{"loc":{"start":{"line":209,"column":6},"end":{"line":212,"column":7}},"type":"if","locations":[{"start":{"line":209,"column":6},"end":{"line":212,"column":7}},{"start":{"line":209,"column":6},"end":{"line":212,"column":7}}],"line":209},"13":{"loc":{"start":{"line":213,"column":6},"end":{"line":235,"column":7}},"type":"if","locations":[{"start":{"line":213,"column":6},"end":{"line":235,"column":7}},{"start":{"line":213,"column":6},"end":{"line":235,"column":7}}],"line":213},"14":{"loc":{"start":{"line":249,"column":4},"end":{"line":252,"column":5}},"type":"if","locations":[{"start":{"line":249,"column":4},"end":{"line":252,"column":5}},{"start":{"line":249,"column":4},"end":{"line":252,"column":5}}],"line":249},"15":{"loc":{"start":{"line":267,"column":4},"end":{"line":270,"column":5}},"type":"if","locations":[{"start":{"line":267,"column":4},"end":{"line":270,"column":5}},{"start":{"line":267,"column":4},"end":{"line":270,"column":5}}],"line":267},"16":{"loc":{"start":{"line":284,"column":4},"end":{"line":287,"column":5}},"type":"if","locations":[{"start":{"line":284,"column":4},"end":{"line":287,"column":5}},{"start":{"line":284,"column":4},"end":{"line":287,"column":5}}],"line":284},"17":{"loc":{"start":{"line":303,"column":4},"end":{"line":306,"column":5}},"type":"if","locations":[{"start":{"line":303,"column":4},"end":{"line":306,"column":5}},{"start":{"line":303,"column":4},"end":{"line":306,"column":5}}],"line":303},"18":{"loc":{"start":{"line":321,"column":4},"end":{"line":324,"column":5}},"type":"if","locations":[{"start":{"line":321,"column":4},"end":{"line":324,"column":5}},{"start":{"line":321,"column":4},"end":{"line":324,"column":5}}],"line":321},"19":{"loc":{"start":{"line":337,"column":4},"end":{"line":340,"column":5}},"type":"if","locations":[{"start":{"line":337,"column":4},"end":{"line":340,"column":5}},{"start":{"line":337,"column":4},"end":{"line":340,"column":5}}],"line":337}},"s":{"0":2,"1":2,"2":2,"3":2,"4":2,"5":2,"6":2,"7":2,"8":0,"9":0,"10":0,"11":0,"12":0,"13":0,"14":0,"15":0,"16":2,"17":1,"18":2,"19":2,"20":2,"21":1,"22":2,"23":1,"24":2,"25":1,"26":2,"27":1,"28":2,"29":2,"30":2,"31":2,"32":2,"33":3,"34":2,"35":2,"36":2,"37":2,"38":2,"39":1,"40":1,"41":1,"42":1,"43":1,"44":1,"45":0,"46":0,"47":1,"48":2,"49":2,"50":2,"51":2,"52":2,"53":0,"54":0,"55":2,"56":1,"57":1,"58":2,"59":2,"60":2,"61":2,"62":2,"63":2,"64":2,"65":2,"66":2,"67":2,"68":2,"69":2,"70":2,"71":0,"72":0,"73":0,"74":1,"75":1,"76":1,"77":1,"78":1,"79":1,"80":1,"81":0,"82":0,"83":0,"84":1,"85":0,"86":0,"87":1,"88":2,"89":2,"90":2,"91":2,"92":2,"93":2,"94":1,"95":1,"96":1,"97":0,"98":0,"99":0,"100":1,"101":3,"102":3,"103":3,"104":3,"105":0,"106":0,"107":3,"108":3,"109":1,"110":2,"111":2,"112":2,"113":2,"114":2,"115":0,"116":2,"117":1,"118":1,"119":1,"120":1,"121":1,"122":1,"123":1,"124":1,"125":0,"126":0,"127":1,"128":1,"129":1,"130":1,"131":1,"132":1,"133":0,"134":0,"135":1,"136":1,"137":1,"138":1,"139":1,"140":1,"141":0,"142":0,"143":1,"144":2,"145":2,"146":2,"147":2,"148":2,"149":0,"150":0,"151":2,"152":1,"153":1,"154":1,"155":1,"156":1,"157":0,"158":0,"159":1,"160":2,"161":2,"162":2,"163":2,"164":2,"165":1,"166":1,"167":1,"168":2},"f":{"0":0,"1":0,"2":1,"3":2,"4":1,"5":1,"6":1,"7":1,"8":2,"9":2,"10":3,"11":2,"12":2,"13":1,"14":1,"15":1,"16":2,"17":2,"18":2,"19":2,"20":2,"21":1,"22":1,"23":2,"24":2,"25":3,"26":3,"27":2,"28":1,"29":1,"30":1,"31":1,"32":1,"33":1,"34":2,"35":2,"36":1,"37":1,"38":2,"39":2},"b":{"0":[0,0],"1":[0,1],"2":[0,2],"3":[1,1],"4":[2,0],"5":[2,0],"6":[0,1],"7":[0,1],"8":[1,1],"9":[1,0],"10":[0,3],"11":[1,2],"12":[0,2],"13":[1,1],"14":[0,1],"15":[0,1],"16":[0,1],"17":[0,2],"18":[0,1],"19":[1,1]},"_coverageSchema":"43e27e138ebf9cfc5966b082cf9a028302ed4184","hash":"0fcf2f2b5ac8a4f694701d7fac8720a188370f75"}
}
