TN:
SF:/home/tjsrivastava/WEB FINAL/TEST/cis557-project-photo-sharing-social-network-app-web-tkn-web/backend/app.js
FN:15,(anonymous_0)
FNF:1
FNH:1
FNDA:35,(anonymous_0)
DA:1,2
DA:2,2
DA:3,2
DA:4,2
DA:5,2
DA:6,2
DA:9,2
DA:12,2
DA:13,2
DA:15,2
DA:17,35
DA:18,35
DA:22,35
DA:27,35
DA:30,2
DA:31,2
DA:34,2
LF:17
LH:17
BRF:0
BRH:0
end_of_record
TN:
SF:/home/tjsrivastava/WEB FINAL/TEST/cis557-project-photo-sharing-social-network-app-web-tkn-web/backend/middleware/check-auth.js
FN:3,(anonymous_0)
FNF:1
FNH:0
FNDA:0,(anonymous_0)
DA:1,2
DA:3,2
DA:4,0
DA:5,0
DA:6,0
DA:7,0
DA:8,0
DA:10,0
LF:8
LH:2
BRF:0
BRH:0
end_of_record
TN:
SF:/home/tjsrivastava/WEB FINAL/TEST/cis557-project-photo-sharing-social-network-app-web-tkn-web/backend/models/database.js
FNF:0
FNH:0
DA:1,2
DA:3,2
DA:4,2
DA:114,2
LF:4
LH:4
BRF:0
BRH:0
end_of_record
TN:
SF:/home/tjsrivastava/WEB FINAL/TEST/cis557-project-photo-sharing-social-network-app-web-tkn-web/backend/routes/post.js
FN:15,(anonymous_0)
FN:23,(anonymous_1)
FN:34,(anonymous_2)
FN:35,(anonymous_3)
FN:36,(anonymous_4)
FN:37,(anonymous_5)
FN:38,(anonymous_6)
FN:39,(anonymous_7)
FN:40,(anonymous_8)
FN:41,(anonymous_9)
FN:42,(anonymous_10)
FN:43,(anonymous_11)
FN:44,(anonymous_12)
FN:47,getPostsOfUser
FN:53,(anonymous_14)
FN:70,createPostOfUser
FN:85,(anonymous_16)
FN:99,getPost
FN:103,(anonymous_18)
FN:121,likePost
FN:126,(anonymous_20)
FN:139,unlikePost
FN:143,(anonymous_22)
FN:156,editPost
FN:160,(anonymous_24)
FN:179,addComment
FN:183,(anonymous_26)
FN:197,getComments
FN:201,(anonymous_28)
FN:214,editComment
FN:218,(anonymous_30)
FN:234,deleteComment
FN:238,(anonymous_32)
FN:253,deletePost
FN:257,(anonymous_34)
FNF:35
FNH:27
FNDA:0,(anonymous_0)
FNDA:0,(anonymous_1)
FNDA:2,(anonymous_2)
FNDA:2,(anonymous_3)
FNDA:2,(anonymous_4)
FNDA:1,(anonymous_5)
FNDA:1,(anonymous_6)
FNDA:2,(anonymous_7)
FNDA:2,(anonymous_8)
FNDA:1,(anonymous_9)
FNDA:0,(anonymous_10)
FNDA:2,(anonymous_11)
FNDA:0,(anonymous_12)
FNDA:2,getPostsOfUser
FNDA:2,(anonymous_14)
FNDA:0,createPostOfUser
FNDA:0,(anonymous_16)
FNDA:2,getPost
FNDA:2,(anonymous_18)
FNDA:2,likePost
FNDA:2,(anonymous_20)
FNDA:0,unlikePost
FNDA:0,(anonymous_22)
FNDA:2,editPost
FNDA:2,(anonymous_24)
FNDA:1,addComment
FNDA:1,(anonymous_26)
FNDA:1,getComments
FNDA:1,(anonymous_28)
FNDA:2,editComment
FNDA:2,(anonymous_30)
FNDA:2,deleteComment
FNDA:2,(anonymous_32)
FNDA:1,deletePost
FNDA:1,(anonymous_34)
DA:1,2
DA:2,2
DA:3,2
DA:5,2
DA:6,2
DA:8,2
DA:14,2
DA:16,0
DA:17,0
DA:18,0
DA:19,0
DA:21,0
DA:24,0
DA:28,0
DA:29,0
DA:34,2
DA:35,2
DA:36,2
DA:37,2
DA:38,2
DA:39,2
DA:40,2
DA:41,2
DA:42,2
DA:43,2
DA:44,2
DA:48,2
DA:49,2
DA:50,2
DA:53,2
DA:54,2
DA:55,0
DA:56,0
DA:58,2
DA:59,1
DA:63,1
DA:71,0
DA:72,0
DA:73,0
DA:74,0
DA:80,0
DA:82,0
DA:83,0
DA:85,0
DA:86,0
DA:87,0
DA:88,0
DA:89,0
DA:91,0
DA:100,2
DA:101,2
DA:102,2
DA:103,2
DA:104,2
DA:105,0
DA:106,0
DA:108,2
DA:109,1
DA:114,1
DA:122,2
DA:124,2
DA:125,2
DA:126,2
DA:127,2
DA:129,2
DA:130,2
DA:132,0
DA:140,0
DA:141,0
DA:142,0
DA:143,0
DA:144,0
DA:145,0
DA:146,0
DA:147,0
DA:149,0
DA:157,2
DA:158,2
DA:159,2
DA:160,2
DA:161,2
DA:162,2
DA:163,0
DA:164,0
DA:165,0
DA:167,2
DA:169,1
DA:170,1
DA:172,1
DA:180,1
DA:181,1
DA:182,1
DA:183,1
DA:184,1
DA:185,0
DA:186,0
DA:187,0
DA:190,1
DA:198,1
DA:199,1
DA:200,1
DA:201,1
DA:202,1
DA:203,0
DA:204,0
DA:205,0
DA:207,1
DA:215,2
DA:216,2
DA:217,2
DA:218,2
DA:219,2
DA:220,0
DA:221,0
DA:223,2
DA:225,1
DA:226,1
DA:228,1
DA:235,2
DA:236,2
DA:237,2
DA:238,2
DA:239,2
DA:240,0
DA:241,0
DA:243,2
DA:244,2
DA:245,2
DA:247,0
DA:254,1
DA:255,1
DA:256,1
DA:257,1
DA:258,1
DA:259,0
DA:260,0
DA:262,1
DA:270,2
LF:138
LH:87
BRDA:18,0,0,0
BRDA:18,0,1,0
BRDA:54,1,0,0
BRDA:54,1,1,2
BRDA:58,2,0,1
BRDA:58,2,1,1
BRDA:86,3,0,0
BRDA:86,3,1,0
BRDA:104,4,0,0
BRDA:104,4,1,2
BRDA:108,5,0,1
BRDA:108,5,1,1
BRDA:127,6,0,2
BRDA:127,6,1,0
BRDA:144,7,0,0
BRDA:144,7,1,0
BRDA:162,8,0,0
BRDA:162,8,1,2
BRDA:167,9,0,1
BRDA:167,9,1,1
BRDA:184,10,0,0
BRDA:184,10,1,1
BRDA:202,11,0,0
BRDA:202,11,1,1
BRDA:219,12,0,0
BRDA:219,12,1,2
BRDA:223,13,0,1
BRDA:223,13,1,1
BRDA:239,14,0,0
BRDA:239,14,1,2
BRDA:243,15,0,2
BRDA:243,15,1,0
BRDA:258,16,0,0
BRDA:258,16,1,1
BRF:34
BRH:18
end_of_record
TN:
SF:/home/tjsrivastava/WEB FINAL/TEST/cis557-project-photo-sharing-social-network-app-web-tkn-web/backend/routes/user.js
FN:15,(anonymous_0)
FN:23,(anonymous_1)
FN:34,(anonymous_2)
FN:35,(anonymous_3)
FN:36,(anonymous_4)
FN:38,(anonymous_5)
FN:39,(anonymous_6)
FN:40,(anonymous_7)
FN:41,(anonymous_8)
FN:42,(anonymous_9)
FN:43,(anonymous_10)
FN:46,(anonymous_11)
FN:49,(anonymous_12)
FN:50,(anonymous_13)
FN:55,getAllUsers
FN:59,(anonymous_15)
FN:72,getUser
FN:76,(anonymous_17)
FN:94,signupNewUser
FN:98,(anonymous_19)
FN:115,(anonymous_20)
FN:134,unfollowUser
FN:144,(anonymous_22)
FN:161,followUser
FN:170,(anonymous_24)
FN:186,loginUser
FN:190,(anonymous_26)
FN:208,(anonymous_27)
FN:243,getFollowers
FN:248,(anonymous_29)
FN:261,getFollowerCount
FN:266,(anonymous_31)
FN:278,getFollowingCount
FN:283,(anonymous_33)
FN:297,getFollowing
FN:302,(anonymous_35)
FN:315,getActivityFeedPosts
FN:320,(anonymous_37)
FN:332,editUserProfile
FN:336,(anonymous_39)
FNF:40
FNH:38
FNDA:0,(anonymous_0)
FNDA:0,(anonymous_1)
FNDA:1,(anonymous_2)
FNDA:2,(anonymous_3)
FNDA:1,(anonymous_4)
FNDA:1,(anonymous_5)
FNDA:1,(anonymous_6)
FNDA:1,(anonymous_7)
FNDA:2,(anonymous_8)
FNDA:2,(anonymous_9)
FNDA:3,(anonymous_10)
FNDA:2,(anonymous_11)
FNDA:2,(anonymous_12)
FNDA:1,(anonymous_13)
FNDA:1,getAllUsers
FNDA:1,(anonymous_15)
FNDA:2,getUser
FNDA:2,(anonymous_17)
FNDA:2,signupNewUser
FNDA:2,(anonymous_19)
FNDA:2,(anonymous_20)
FNDA:1,unfollowUser
FNDA:1,(anonymous_22)
FNDA:2,followUser
FNDA:2,(anonymous_24)
FNDA:3,loginUser
FNDA:3,(anonymous_26)
FNDA:2,(anonymous_27)
FNDA:1,getFollowers
FNDA:1,(anonymous_29)
FNDA:1,getFollowerCount
FNDA:1,(anonymous_31)
FNDA:1,getFollowingCount
FNDA:1,(anonymous_33)
FNDA:2,getFollowing
FNDA:2,(anonymous_35)
FNDA:1,getActivityFeedPosts
FNDA:1,(anonymous_37)
FNDA:2,editUserProfile
FNDA:2,(anonymous_39)
DA:1,2
DA:2,2
DA:3,2
DA:4,2
DA:5,2
DA:6,2
DA:8,2
DA:14,2
DA:16,0
DA:17,0
DA:18,0
DA:19,0
DA:21,0
DA:24,0
DA:28,0
DA:29,0
DA:34,2
DA:35,2
DA:36,2
DA:38,2
DA:39,2
DA:40,2
DA:41,2
DA:42,2
DA:43,3
DA:46,2
DA:49,2
DA:50,2
DA:56,1
DA:57,1
DA:58,1
DA:59,1
DA:60,1
DA:61,0
DA:62,0
DA:64,1
DA:73,2
DA:74,2
DA:75,2
DA:76,2
DA:77,2
DA:78,0
DA:79,0
DA:81,2
DA:82,1
DA:87,1
DA:95,2
DA:96,2
DA:98,2
DA:99,2
DA:101,2
DA:112,2
DA:113,2
DA:115,2
DA:116,2
DA:117,2
DA:118,2
DA:119,2
DA:120,2
DA:123,0
DA:124,0
DA:126,0
DA:135,1
DA:139,1
DA:141,1
DA:142,1
DA:144,1
DA:145,1
DA:146,1
DA:147,0
DA:148,0
DA:149,0
DA:151,1
DA:152,0
DA:153,0
DA:155,1
DA:162,2
DA:167,2
DA:168,2
DA:169,2
DA:170,2
DA:171,2
DA:172,1
DA:173,1
DA:174,1
DA:176,0
DA:177,0
DA:178,0
DA:180,1
DA:187,3
DA:188,3
DA:190,3
DA:191,3
DA:192,0
DA:193,0
DA:196,3
DA:197,3
DA:198,1
DA:203,2
DA:205,2
DA:206,2
DA:208,2
DA:209,2
DA:211,0
DA:213,2
DA:217,1
DA:223,1
DA:232,1
DA:244,1
DA:245,1
DA:246,1
DA:248,1
DA:249,1
DA:250,0
DA:251,0
DA:253,1
DA:262,1
DA:263,1
DA:264,1
DA:266,1
DA:267,1
DA:268,0
DA:269,0
DA:271,1
DA:279,1
DA:280,1
DA:281,1
DA:283,1
DA:284,1
DA:285,0
DA:286,0
DA:288,1
DA:298,2
DA:299,2
DA:300,2
DA:302,2
DA:303,2
DA:304,0
DA:305,0
DA:307,2
DA:316,1
DA:317,1
DA:318,1
DA:320,1
DA:321,1
DA:322,0
DA:323,0
DA:325,1
DA:333,2
DA:334,2
DA:335,2
DA:336,2
DA:337,2
DA:338,1
DA:339,1
DA:341,1
DA:347,2
LF:157
LH:121
BRDA:18,0,0,0
BRDA:18,0,1,0
BRDA:60,1,0,0
BRDA:60,1,1,1
BRDA:77,2,0,0
BRDA:77,2,1,2
BRDA:81,3,0,1
BRDA:81,3,1,1
BRDA:116,4,0,2
BRDA:116,4,1,0
BRDA:118,5,0,2
BRDA:118,5,1,0
BRDA:146,6,0,0
BRDA:146,6,1,1
BRDA:151,7,0,0
BRDA:151,7,1,1
BRDA:171,8,0,1
BRDA:171,8,1,1
BRDA:172,9,0,1
BRDA:172,9,1,0
BRDA:191,10,0,0
BRDA:191,10,1,3
BRDA:197,11,0,1
BRDA:197,11,1,2
BRDA:209,12,0,0
BRDA:209,12,1,2
BRDA:213,13,0,1
BRDA:213,13,1,1
BRDA:249,14,0,0
BRDA:249,14,1,1
BRDA:267,15,0,0
BRDA:267,15,1,1
BRDA:284,16,0,0
BRDA:284,16,1,1
BRDA:303,17,0,0
BRDA:303,17,1,2
BRDA:321,18,0,0
BRDA:321,18,1,1
BRDA:337,19,0,1
BRDA:337,19,1,1
BRF:40
BRH:24
end_of_record
